<?xml version="1.0" encoding="UTF-8"?>
<beans xmlns="http://www.springframework.org/schema/beans"
       xmlns:xsi="http://www.w3.org/2001/XMLSchema-instance"
       xmlns:tx="http://www.springframework.org/schema/tx"
       xsi:schemaLocation="http://www.springframework.org/schema/beans
                            https://www.springframework.org/schema/beans/spring-beans.xsd
                            http://www.springframework.org/schema/tx
                            http://www.springframework.org/schema/tx/spring-tx.xsd">

    <bean id="dataSource" class="org.springframework.jdbc.datasource.SimpleDriverDataSource">
        <property name="driverClass" value="com.mysql.cj.jdbc.Driver"/>
        <property name="url" value="jdbc:mysql://localhost/springbook"/>
        <property name="username" value="spring"/>
        <property name="password" value="book"/>
    </bean>

    <bean id="transactionManager" class="org.springframework.jdbc.datasource.DataSourceTransactionManager">
        <property name="dataSource" ref="dataSource"/>
    </bean>

    <bean id="transactionPointcut" class="toby.spring.object.dependecy.user.service.NameMatchClassMethodPointcut">
        <property name="mappedClassName" value="*ServiceImpl"/>
        <property name="mappedName" value="upgrade*"/>
    </bean>

    <bean id="userService" class="toby.spring.object.dependecy.user.service.UserServiceImpl">
        <property name="userDao" ref="userDao"/>
        <property name="mailSender" ref="mailSender"/>
    </bean>

    <bean id="testUserService" class="toby.spring.object.dependecy.user.service.UserServiceTest$TestUserServiceImpl"
          parent="userService"/>

    <bean id="userDao" class="toby.spring.object.dependecy.dao.UserDaoJdbc">
        <property name="dataSource" ref="dataSource"/>
        <property name="sqlService" ref="sqlService"/>
    </bean>

    <bean id="sqlService" class="toby.spring.object.dependecy.user.sqlservice.SimpleSqlService">
        <property name="sqlMap">
            <map>
                <entry key="userAdd"
                       value="insert into users(id, name, password, level, login, recommend, mail) values(?,?,?,?,?,?,?)"/>
                <entry key="userGet" value="select * from users where id = ?"/>
                <entry key="userGetAll" value="select * from users order by id"/>
                <entry key="userDeleteAll" value="delete from users"/>
                <entry key="userGetCount" value="select count(*) from users"/>
                <entry key="userUpdate"
                       value="update users set name = ?, password = ?, level = ?, login = ?, recommend = ?, mail = ? where id = ?"/>
            </map>
        </property>
    </bean>

    <bean id="mailSender" class="toby.spring.object.dependecy.user.service.DummyMailSender"/>

    <bean id="message" class="toby.spring.test.factorybean.MessageFactoryBean">
        <property name="text" value="Factory Bean"/>
    </bean>

    <bean class="org.springframework.aop.framework.autoproxy.DefaultAdvisorAutoProxyCreator"/>

    <tx:annotation-driven/>
</beans>